# JRE version: OpenJDK Runtime Environment (8.0_191-b12) (build 1.8.0_191-8u191-b12-2ubuntu0.18.04.1-b12)
# Java VM: OpenJDK 64-Bit Server VM (25.191-b12 mixed mode linux-amd64 compressed oops)
Heap:
 PSYoungGen      total 134144K, used 8113K [0x00000000ebe00000, 0x00000000f4e00000, 0x0000000100000000)
  eden space 123904K, 0% used [0x00000000ebe00000,0x00000000ebe00000,0x00000000f3700000)
  from space 10240K, 79% used [0x00000000f3700000,0x00000000f3eec4e0,0x00000000f4100000)
  to   space 7168K, 0% used [0x00000000f4100000,0x00000000f4100000,0x00000000f4800000)
 ParOldGen       total 42496K, used 14415K [0x00000000c3a00000, 0x00000000c6380000, 0x00000000ebe00000)
  object space 42496K, 33% used [0x00000000c3a00000,0x00000000c4813ff0,0x00000000c6380000)
 Metaspace       used 20478K, capacity 21128K, committed 21248K, reserved 1069056K
  class space    used 2383K, capacity 2523K, committed 2560K, reserved 1048576K
GC Heap History (10 events):
Event: 1,242 GC heap after
Heap after GC invocations=4 (full 0):
 PSYoungGen      total 34304K, used 2528K [0x00000000ebe00000, 0x00000000ee200000, 0x0000000100000000)
  eden space 31744K, 0% used [0x00000000ebe00000,0x00000000ebe00000,0x00000000edd00000)
  from space 2560K, 98% used [0x00000000edf80000,0x00000000ee1f8020,0x00000000ee200000)
  to   space 2560K, 0% used [0x00000000edd00000,0x00000000edd00000,0x00000000edf80000)
 ParOldGen       total 42496K, used 4075K [0x00000000c3a00000, 0x00000000c6380000, 0x00000000ebe00000)
  object space 42496K, 9% used [0x00000000c3a00000,0x00000000c3dfae00,0x00000000c6380000)
 Metaspace       used 11085K, capacity 11298K, committed 11520K, reserved 1058816K
  class space    used 1359K, capacity 1443K, committed 1536K, reserved 1048576K
}
Event: 1,937 GC heap before
{Heap before GC invocations=5 (full 0):
 PSYoungGen      total 34304K, used 34272K [0x00000000ebe00000, 0x00000000ee200000, 0x0000000100000000)
  eden space 31744K, 100% used [0x00000000ebe00000,0x00000000edd00000,0x00000000edd00000)
  from space 2560K, 98% used [0x00000000edf80000,0x00000000ee1f8020,0x00000000ee200000)
  to   space 2560K, 0% used [0x00000000edd00000,0x00000000edd00000,0x00000000edf80000)
 ParOldGen       total 42496K, used 4075K [0x00000000c3a00000, 0x00000000c6380000, 0x00000000ebe00000)
  object space 42496K, 9% used [0x00000000c3a00000,0x00000000c3dfae00,0x00000000c6380000)
 Metaspace       used 13716K, capacity 13914K, committed 14208K, reserved 1060864K
  class space    used 1689K, capacity 1799K, committed 1920K, reserved 1048576K
Event: 1,951 GC heap after
Heap after GC invocations=5 (full 0):
 PSYoungGen      total 34304K, used 2528K [0x00000000ebe00000, 0x00000000f0800000, 0x0000000100000000)
  eden space 31744K, 0% used [0x00000000ebe00000,0x00000000ebe00000,0x00000000edd00000)
  from space 2560K, 98% used [0x00000000edd00000,0x00000000edf78040,0x00000000edf80000)
  to   space 6144K, 0% used [0x00000000f0200000,0x00000000f0200000,0x00000000f0800000)
 ParOldGen       total 42496K, used 6879K [0x00000000c3a00000, 0x00000000c6380000, 0x00000000ebe00000)
  object space 42496K, 16% used [0x00000000c3a00000,0x00000000c40b7d40,0x00000000c6380000)
 Metaspace       used 13716K, capacity 13914K, committed 14208K, reserved 1060864K
  class space    used 1689K, capacity 1799K, committed 1920K, reserved 1048576K
}
Event: 2,829 GC heap before
{Heap before GC invocations=6 (full 0):
 PSYoungGen      total 34304K, used 34272K [0x00000000ebe00000, 0x00000000f0800000, 0x0000000100000000)
  eden space 31744K, 100% used [0x00000000ebe00000,0x00000000edd00000,0x00000000edd00000)
  from space 2560K, 98% used [0x00000000edd00000,0x00000000edf78040,0x00000000edf80000)
  to   space 6144K, 0% used [0x00000000f0200000,0x00000000f0200000,0x00000000f0800000)
 ParOldGen       total 42496K, used 6879K [0x00000000c3a00000, 0x00000000c6380000, 0x00000000ebe00000)
  object space 42496K, 16% used [0x00000000c3a00000,0x00000000c40b7d40,0x00000000c6380000)
 Metaspace       used 15981K, capacity 16250K, committed 16384K, reserved 1062912K
  class space    used 1913K, capacity 2008K, committed 2048K, reserved 1048576K
Event: 2,854 GC heap after
Heap after GC invocations=6 (full 0):
 PSYoungGen      total 69632K, used 5047K [0x00000000ebe00000, 0x00000000f0800000, 0x0000000100000000)
  eden space 63488K, 0% used [0x00000000ebe00000,0x00000000ebe00000,0x00000000efc00000)
  from space 6144K, 82% used [0x00000000f0200000,0x00000000f06edeb8,0x00000000f0800000)
  to   space 6144K, 0% used [0x00000000efc00000,0x00000000efc00000,0x00000000f0200000)
 ParOldGen       total 42496K, used 6887K [0x00000000c3a00000, 0x00000000c6380000, 0x00000000ebe00000)
  object space 42496K, 16% used [0x00000000c3a00000,0x00000000c40b9d40,0x00000000c6380000)
 Metaspace       used 15981K, capacity 16250K, committed 16384K, reserved 1062912K
  class space    used 1913K, capacity 2008K, committed 2048K, reserved 1048576K
}
Event: 3,898 GC heap before
{Heap before GC invocations=7 (full 0):
 PSYoungGen      total 69632K, used 68535K [0x00000000ebe00000, 0x00000000f0800000, 0x0000000100000000)
  eden space 63488K, 100% used [0x00000000ebe00000,0x00000000efc00000,0x00000000efc00000)
  from space 6144K, 82% used [0x00000000f0200000,0x00000000f06edeb8,0x00000000f0800000)
  to   space 6144K, 0% used [0x00000000efc00000,0x00000000efc00000,0x00000000f0200000)
 ParOldGen       total 42496K, used 6887K [0x00000000c3a00000, 0x00000000c6380000, 0x00000000ebe00000)
  object space 42496K, 16% used [0x00000000c3a00000,0x00000000c40b9d40,0x00000000c6380000)
 Metaspace       used 16418K, capacity 16716K, committed 16896K, reserved 1064960K
  class space    used 1917K, capacity 2011K, committed 2048K, reserved 1048576K
Event: 3,921 GC heap after
Heap after GC invocations=7 (full 0):
 PSYoungGen      total 69632K, used 6128K [0x00000000ebe00000, 0x00000000f4800000, 0x0000000100000000)
  eden space 63488K, 0% used [0x00000000ebe00000,0x00000000ebe00000,0x00000000efc00000)
  from space 6144K, 99% used [0x00000000efc00000,0x00000000f01fc010,0x00000000f0200000)
  to   space 7168K, 0% used [0x00000000f4100000,0x00000000f4100000,0x00000000f4800000)
 ParOldGen       total 42496K, used 7883K [0x00000000c3a00000, 0x00000000c6380000, 0x00000000ebe00000)
  object space 42496K, 18% used [0x00000000c3a00000,0x00000000c41b2db0,0x00000000c6380000)
 Metaspace       used 16418K, capacity 16716K, committed 16896K, reserved 1064960K
  class space    used 1917K, capacity 2011K, committed 2048K, reserved 1048576K
}
Event: 5,058 GC heap before
{Heap before GC invocations=8 (full 0):
 PSYoungGen      total 69632K, used 69616K [0x00000000ebe00000, 0x00000000f4800000, 0x0000000100000000)
  eden space 63488K, 100% used [0x00000000ebe00000,0x00000000efc00000,0x00000000efc00000)
  from space 6144K, 99% used [0x00000000efc00000,0x00000000f01fc010,0x00000000f0200000)
  to   space 7168K, 0% used [0x00000000f4100000,0x00000000f4100000,0x00000000f4800000)
 ParOldGen       total 42496K, used 7883K [0x00000000c3a00000, 0x00000000c6380000, 0x00000000ebe00000)
  object space 42496K, 18% used [0x00000000c3a00000,0x00000000c41b2db0,0x00000000c6380000)
 Metaspace       used 18695K, capacity 19076K, committed 19328K, reserved 1067008K
  class space    used 2207K, capacity 2352K, committed 2432K, reserved 1048576K
Event: 5,111 GC heap after
Heap after GC invocations=8 (full 0):
 PSYoungGen      total 131072K, used 7152K [0x00000000ebe00000, 0x00000000f4e00000, 0x0000000100000000)
  eden space 123904K, 0% used [0x00000000ebe00000,0x00000000ebe00000,0x00000000f3700000)
  from space 7168K, 99% used [0x00000000f4100000,0x00000000f47fc010,0x00000000f4800000)
  to   space 10240K, 0% used [0x00000000f3700000,0x00000000f3700000,0x00000000f4100000)
 ParOldGen       total 42496K, used 12447K [0x00000000c3a00000, 0x00000000c6380000, 0x00000000ebe00000)
  object space 42496K, 29% used [0x00000000c3a00000,0x00000000c4627fa0,0x00000000c6380000)
 Metaspace       used 18695K, capacity 19076K, committed 19328K, reserved 1067008K
  class space    used 2207K, capacity 2352K, committed 2432K, reserved 1048576K
}
Event: 6,437 GC heap before
{Heap before GC invocations=9 (full 0):
 PSYoungGen      total 131072K, used 49340K [0x00000000ebe00000, 0x00000000f4e00000, 0x0000000100000000)
  eden space 123904K, 34% used [0x00000000ebe00000,0x00000000ee7331b0,0x00000000f3700000)
  from space 7168K, 99% used [0x00000000f4100000,0x00000000f47fc010,0x00000000f4800000)
  to   space 10240K, 0% used [0x00000000f3700000,0x00000000f3700000,0x00000000f4100000)
 ParOldGen       total 42496K, used 12447K [0x00000000c3a00000, 0x00000000c6380000, 0x00000000ebe00000)
  object space 42496K, 29% used [0x00000000c3a00000,0x00000000c4627fa0,0x00000000c6380000)
 Metaspace       used 20478K, capacity 21128K, committed 21248K, reserved 1069056K
  class space    used 2383K, capacity 2523K, committed 2560K, reserved 1048576K

