# JRE version: OpenJDK Runtime Environment (8.0_191-b12) (build 1.8.0_191-8u191-b12-2ubuntu0.18.04.1-b12)
# Java VM: OpenJDK 64-Bit Server VM (25.191-b12 mixed mode linux-amd64 compressed oops)
Heap:
 PSYoungGen      total 134144K, used 8145K [0x00000000ebe00000, 0x00000000f4d00000, 0x0000000100000000)
  eden space 124416K, 0% used [0x00000000ebe00000,0x00000000ebe00000,0x00000000f3780000)
  from space 9728K, 83% used [0x00000000f3780000,0x00000000f3f744e0,0x00000000f4100000)
  to   space 7168K, 0% used [0x00000000f4100000,0x00000000f4100000,0x00000000f4800000)
 ParOldGen       total 42496K, used 14331K [0x00000000c3a00000, 0x00000000c6380000, 0x00000000ebe00000)
  object space 42496K, 33% used [0x00000000c3a00000,0x00000000c47fec30,0x00000000c6380000)
 Metaspace       used 20487K, capacity 21158K, committed 21248K, reserved 1069056K
  class space    used 2380K, capacity 2553K, committed 2560K, reserved 1048576K
GC Heap History (10 events):
Event: 1,290 GC heap after
Heap after GC invocations=4 (full 0):
 PSYoungGen      total 34304K, used 2528K [0x00000000ebe00000, 0x00000000ee200000, 0x0000000100000000)
  eden space 31744K, 0% used [0x00000000ebe00000,0x00000000ebe00000,0x00000000edd00000)
  from space 2560K, 98% used [0x00000000edf80000,0x00000000ee1f8020,0x00000000ee200000)
  to   space 2560K, 0% used [0x00000000edd00000,0x00000000edd00000,0x00000000edf80000)
 ParOldGen       total 42496K, used 4009K [0x00000000c3a00000, 0x00000000c6380000, 0x00000000ebe00000)
  object space 42496K, 9% used [0x00000000c3a00000,0x00000000c3dea750,0x00000000c6380000)
 Metaspace       used 11091K, capacity 11298K, committed 11520K, reserved 1058816K
  class space    used 1359K, capacity 1443K, committed 1536K, reserved 1048576K
}
Event: 1,892 GC heap before
{Heap before GC invocations=5 (full 0):
 PSYoungGen      total 34304K, used 34272K [0x00000000ebe00000, 0x00000000ee200000, 0x0000000100000000)
  eden space 31744K, 100% used [0x00000000ebe00000,0x00000000edd00000,0x00000000edd00000)
  from space 2560K, 98% used [0x00000000edf80000,0x00000000ee1f8020,0x00000000ee200000)
  to   space 2560K, 0% used [0x00000000edd00000,0x00000000edd00000,0x00000000edf80000)
 ParOldGen       total 42496K, used 4009K [0x00000000c3a00000, 0x00000000c6380000, 0x00000000ebe00000)
  object space 42496K, 9% used [0x00000000c3a00000,0x00000000c3dea750,0x00000000c6380000)
 Metaspace       used 13729K, capacity 13914K, committed 14208K, reserved 1060864K
  class space    used 1689K, capacity 1799K, committed 1920K, reserved 1048576K
Event: 1,913 GC heap after
Heap after GC invocations=5 (full 0):
 PSYoungGen      total 34304K, used 2544K [0x00000000ebe00000, 0x00000000f0800000, 0x0000000100000000)
  eden space 31744K, 0% used [0x00000000ebe00000,0x00000000ebe00000,0x00000000edd00000)
  from space 2560K, 99% used [0x00000000edd00000,0x00000000edf7c030,0x00000000edf80000)
  to   space 6144K, 0% used [0x00000000f0200000,0x00000000f0200000,0x00000000f0800000)
 ParOldGen       total 42496K, used 6777K [0x00000000c3a00000, 0x00000000c6380000, 0x00000000ebe00000)
  object space 42496K, 15% used [0x00000000c3a00000,0x00000000c409e7c0,0x00000000c6380000)
 Metaspace       used 13729K, capacity 13914K, committed 14208K, reserved 1060864K
  class space    used 1689K, capacity 1799K, committed 1920K, reserved 1048576K
}
Event: 2,699 GC heap before
{Heap before GC invocations=6 (full 0):
 PSYoungGen      total 34304K, used 34288K [0x00000000ebe00000, 0x00000000f0800000, 0x0000000100000000)
  eden space 31744K, 100% used [0x00000000ebe00000,0x00000000edd00000,0x00000000edd00000)
  from space 2560K, 99% used [0x00000000edd00000,0x00000000edf7c030,0x00000000edf80000)
  to   space 6144K, 0% used [0x00000000f0200000,0x00000000f0200000,0x00000000f0800000)
 ParOldGen       total 42496K, used 6777K [0x00000000c3a00000, 0x00000000c6380000, 0x00000000ebe00000)
  object space 42496K, 15% used [0x00000000c3a00000,0x00000000c409e7c0,0x00000000c6380000)
 Metaspace       used 15966K, capacity 16250K, committed 16384K, reserved 1062912K
  class space    used 1912K, capacity 2008K, committed 2048K, reserved 1048576K
Event: 2,715 GC heap after
Heap after GC invocations=6 (full 0):
 PSYoungGen      total 69632K, used 4986K [0x00000000ebe00000, 0x00000000f0800000, 0x0000000100000000)
  eden space 63488K, 0% used [0x00000000ebe00000,0x00000000ebe00000,0x00000000efc00000)
  from space 6144K, 81% used [0x00000000f0200000,0x00000000f06dea78,0x00000000f0800000)
  to   space 6144K, 0% used [0x00000000efc00000,0x00000000efc00000,0x00000000f0200000)
 ParOldGen       total 42496K, used 6785K [0x00000000c3a00000, 0x00000000c6380000, 0x00000000ebe00000)
  object space 42496K, 15% used [0x00000000c3a00000,0x00000000c40a07c0,0x00000000c6380000)
 Metaspace       used 15966K, capacity 16250K, committed 16384K, reserved 1062912K
  class space    used 1912K, capacity 2008K, committed 2048K, reserved 1048576K
}
Event: 3,672 GC heap before
{Heap before GC invocations=7 (full 0):
 PSYoungGen      total 69632K, used 68474K [0x00000000ebe00000, 0x00000000f0800000, 0x0000000100000000)
  eden space 63488K, 100% used [0x00000000ebe00000,0x00000000efc00000,0x00000000efc00000)
  from space 6144K, 81% used [0x00000000f0200000,0x00000000f06dea78,0x00000000f0800000)
  to   space 6144K, 0% used [0x00000000efc00000,0x00000000efc00000,0x00000000f0200000)
 ParOldGen       total 42496K, used 6785K [0x00000000c3a00000, 0x00000000c6380000, 0x00000000ebe00000)
  object space 42496K, 15% used [0x00000000c3a00000,0x00000000c40a07c0,0x00000000c6380000)
 Metaspace       used 16462K, capacity 16716K, committed 16896K, reserved 1064960K
  class space    used 1917K, capacity 2011K, committed 2048K, reserved 1048576K
Event: 3,694 GC heap after
Heap after GC invocations=7 (full 0):
 PSYoungGen      total 69632K, used 6096K [0x00000000ebe00000, 0x00000000f4800000, 0x0000000100000000)
  eden space 63488K, 0% used [0x00000000ebe00000,0x00000000ebe00000,0x00000000efc00000)
  from space 6144K, 99% used [0x00000000efc00000,0x00000000f01f4010,0x00000000f0200000)
  to   space 7168K, 0% used [0x00000000f4100000,0x00000000f4100000,0x00000000f4800000)
 ParOldGen       total 42496K, used 7922K [0x00000000c3a00000, 0x00000000c6380000, 0x00000000ebe00000)
  object space 42496K, 18% used [0x00000000c3a00000,0x00000000c41bc840,0x00000000c6380000)
 Metaspace       used 16462K, capacity 16716K, committed 16896K, reserved 1064960K
  class space    used 1917K, capacity 2011K, committed 2048K, reserved 1048576K
}
Event: 4,700 GC heap before
{Heap before GC invocations=8 (full 0):
 PSYoungGen      total 69632K, used 69584K [0x00000000ebe00000, 0x00000000f4800000, 0x0000000100000000)
  eden space 63488K, 100% used [0x00000000ebe00000,0x00000000efc00000,0x00000000efc00000)
  from space 6144K, 99% used [0x00000000efc00000,0x00000000f01f4010,0x00000000f0200000)
  to   space 7168K, 0% used [0x00000000f4100000,0x00000000f4100000,0x00000000f4800000)
 ParOldGen       total 42496K, used 7922K [0x00000000c3a00000, 0x00000000c6380000, 0x00000000ebe00000)
  object space 42496K, 18% used [0x00000000c3a00000,0x00000000c41bc840,0x00000000c6380000)
 Metaspace       used 18753K, capacity 19096K, committed 19328K, reserved 1067008K
  class space    used 2211K, capacity 2356K, committed 2432K, reserved 1048576K
Event: 4,725 GC heap after
Heap after GC invocations=8 (full 0):
 PSYoungGen      total 131584K, used 7168K [0x00000000ebe00000, 0x00000000f4d00000, 0x0000000100000000)
  eden space 124416K, 0% used [0x00000000ebe00000,0x00000000ebe00000,0x00000000f3780000)
  from space 7168K, 100% used [0x00000000f4100000,0x00000000f4800000,0x00000000f4800000)
  to   space 9728K, 0% used [0x00000000f3780000,0x00000000f3780000,0x00000000f4100000)
 ParOldGen       total 42496K, used 12354K [0x00000000c3a00000, 0x00000000c6380000, 0x00000000ebe00000)
  object space 42496K, 29% used [0x00000000c3a00000,0x00000000c4610be0,0x00000000c6380000)
 Metaspace       used 18753K, capacity 19096K, committed 19328K, reserved 1067008K
  class space    used 2211K, capacity 2356K, committed 2432K, reserved 1048576K
}
Event: 5,998 GC heap before
{Heap before GC invocations=9 (full 0):
 PSYoungGen      total 131584K, used 49438K [0x00000000ebe00000, 0x00000000f4d00000, 0x0000000100000000)
  eden space 124416K, 33% used [0x00000000ebe00000,0x00000000ee747b70,0x00000000f3780000)
  from space 7168K, 100% used [0x00000000f4100000,0x00000000f4800000,0x00000000f4800000)
  to   space 9728K, 0% used [0x00000000f3780000,0x00000000f3780000,0x00000000f4100000)
 ParOldGen       total 42496K, used 12354K [0x00000000c3a00000, 0x00000000c6380000, 0x00000000ebe00000)
  object space 42496K, 29% used [0x00000000c3a00000,0x00000000c4610be0,0x00000000c6380000)
 Metaspace       used 20487K, capacity 21158K, committed 21248K, reserved 1069056K
  class space    used 2380K, capacity 2553K, committed 2560K, reserved 1048576K

