-------------------------------------------------------------------------------
Test set: rocks.nifi.reader.TestStandardMyService
-------------------------------------------------------------------------------
Tests run: 1, Failures: 1, Errors: 0, Skipped: 0, Time elapsed: 0.251 s <<< FAILURE! - in rocks.nifi.reader.TestStandardMyService
testService(rocks.nifi.reader.TestStandardMyService)  Time elapsed: 0.176 s  <<< FAILURE!
java.lang.AssertionError: java.lang.IllegalArgumentException: this relationship success is not known
	at rocks.nifi.reader.TestStandardMyService.testService(TestStandardMyService.java:76)
Caused by: java.lang.IllegalArgumentException: this relationship success is not known

