# JRE version: OpenJDK Runtime Environment (8.0_191-b12) (build 1.8.0_191-8u191-b12-2ubuntu0.18.04.1-b12)
# Java VM: OpenJDK 64-Bit Server VM (25.191-b12 mixed mode linux-amd64 compressed oops)
Heap:
 PSYoungGen      total 134144K, used 10745K [0x00000000ebe00000, 0x00000000f4e00000, 0x0000000100000000)
  eden space 123392K, 0% used [0x00000000ebe00000,0x00000000ebe00000,0x00000000f3680000)
  from space 10752K, 99% used [0x00000000f3680000,0x00000000f40fe488,0x00000000f4100000)
  to   space 8192K, 0% used [0x00000000f4100000,0x00000000f4100000,0x00000000f4900000)
 ParOldGen       total 42496K, used 15655K [0x00000000c3a00000, 0x00000000c6380000, 0x00000000ebe00000)
  object space 42496K, 36% used [0x00000000c3a00000,0x00000000c4949df8,0x00000000c6380000)
 Metaspace       used 20688K, capacity 21140K, committed 21296K, reserved 1069056K
  class space    used 2421K, capacity 2572K, committed 2608K, reserved 1048576K
GC Heap History (10 events):
Event: 1,149 GC heap after
Heap after GC invocations=4 (full 0):
 PSYoungGen      total 34304K, used 2560K [0x00000000ebe00000, 0x00000000ee200000, 0x0000000100000000)
  eden space 31744K, 0% used [0x00000000ebe00000,0x00000000ebe00000,0x00000000edd00000)
  from space 2560K, 100% used [0x00000000edf80000,0x00000000ee200000,0x00000000ee200000)
  to   space 2560K, 0% used [0x00000000edd00000,0x00000000edd00000,0x00000000edf80000)
 ParOldGen       total 42496K, used 4179K [0x00000000c3a00000, 0x00000000c6380000, 0x00000000ebe00000)
  object space 42496K, 9% used [0x00000000c3a00000,0x00000000c3e14f80,0x00000000c6380000)
 Metaspace       used 11157K, capacity 11298K, committed 11520K, reserved 1058816K
  class space    used 1364K, capacity 1443K, committed 1536K, reserved 1048576K
}
Event: 1,681 GC heap before
{Heap before GC invocations=5 (full 0):
 PSYoungGen      total 34304K, used 34304K [0x00000000ebe00000, 0x00000000ee200000, 0x0000000100000000)
  eden space 31744K, 100% used [0x00000000ebe00000,0x00000000edd00000,0x00000000edd00000)
  from space 2560K, 100% used [0x00000000edf80000,0x00000000ee200000,0x00000000ee200000)
  to   space 2560K, 0% used [0x00000000edd00000,0x00000000edd00000,0x00000000edf80000)
 ParOldGen       total 42496K, used 4179K [0x00000000c3a00000, 0x00000000c6380000, 0x00000000ebe00000)
  object space 42496K, 9% used [0x00000000c3a00000,0x00000000c3e14f80,0x00000000c6380000)
 Metaspace       used 13749K, capacity 13978K, committed 14208K, reserved 1060864K
  class space    used 1689K, capacity 1799K, committed 1920K, reserved 1048576K
Event: 1,689 GC heap after
Heap after GC invocations=5 (full 0):
 PSYoungGen      total 34304K, used 2528K [0x00000000ebe00000, 0x00000000f0800000, 0x0000000100000000)
  eden space 31744K, 0% used [0x00000000ebe00000,0x00000000ebe00000,0x00000000edd00000)
  from space 2560K, 98% used [0x00000000edd00000,0x00000000edf78020,0x00000000edf80000)
  to   space 6144K, 0% used [0x00000000f0200000,0x00000000f0200000,0x00000000f0800000)
 ParOldGen       total 42496K, used 6948K [0x00000000c3a00000, 0x00000000c6380000, 0x00000000ebe00000)
  object space 42496K, 16% used [0x00000000c3a00000,0x00000000c40c9318,0x00000000c6380000)
 Metaspace       used 13749K, capacity 13978K, committed 14208K, reserved 1060864K
  class space    used 1689K, capacity 1799K, committed 1920K, reserved 1048576K
}
Event: 2,387 GC heap before
{Heap before GC invocations=6 (full 0):
 PSYoungGen      total 34304K, used 34272K [0x00000000ebe00000, 0x00000000f0800000, 0x0000000100000000)
  eden space 31744K, 100% used [0x00000000ebe00000,0x00000000edd00000,0x00000000edd00000)
  from space 2560K, 98% used [0x00000000edd00000,0x00000000edf78020,0x00000000edf80000)
  to   space 6144K, 0% used [0x00000000f0200000,0x00000000f0200000,0x00000000f0800000)
 ParOldGen       total 42496K, used 6948K [0x00000000c3a00000, 0x00000000c6380000, 0x00000000ebe00000)
  object space 42496K, 16% used [0x00000000c3a00000,0x00000000c40c9318,0x00000000c6380000)
 Metaspace       used 15954K, capacity 16214K, committed 16384K, reserved 1062912K
  class space    used 1917K, capacity 2040K, committed 2048K, reserved 1048576K
Event: 2,399 GC heap after
Heap after GC invocations=6 (full 0):
 PSYoungGen      total 69120K, used 5850K [0x00000000ebe00000, 0x00000000f0900000, 0x0000000100000000)
  eden space 62976K, 0% used [0x00000000ebe00000,0x00000000ebe00000,0x00000000efb80000)
  from space 6144K, 95% used [0x00000000f0200000,0x00000000f07b6a78,0x00000000f0800000)
  to   space 6656K, 0% used [0x00000000efb80000,0x00000000efb80000,0x00000000f0200000)
 ParOldGen       total 42496K, used 6956K [0x00000000c3a00000, 0x00000000c6380000, 0x00000000ebe00000)
  object space 42496K, 16% used [0x00000000c3a00000,0x00000000c40cb318,0x00000000c6380000)
 Metaspace       used 15954K, capacity 16214K, committed 16384K, reserved 1062912K
  class space    used 1917K, capacity 2040K, committed 2048K, reserved 1048576K
}
Event: 3,133 GC heap before
{Heap before GC invocations=7 (full 0):
 PSYoungGen      total 69120K, used 68826K [0x00000000ebe00000, 0x00000000f0900000, 0x0000000100000000)
  eden space 62976K, 100% used [0x00000000ebe00000,0x00000000efb80000,0x00000000efb80000)
  from space 6144K, 95% used [0x00000000f0200000,0x00000000f07b6a78,0x00000000f0800000)
  to   space 6656K, 0% used [0x00000000efb80000,0x00000000efb80000,0x00000000f0200000)
 ParOldGen       total 42496K, used 6956K [0x00000000c3a00000, 0x00000000c6380000, 0x00000000ebe00000)
  object space 42496K, 16% used [0x00000000c3a00000,0x00000000c40cb318,0x00000000c6380000)
 Metaspace       used 16485K, capacity 16818K, committed 17152K, reserved 1064960K
  class space    used 1922K, capacity 2044K, committed 2048K, reserved 1048576K
Event: 3,148 GC heap after
Heap after GC invocations=7 (full 0):
 PSYoungGen      total 69632K, used 6624K [0x00000000ebe00000, 0x00000000f4900000, 0x0000000100000000)
  eden space 62976K, 0% used [0x00000000ebe00000,0x00000000ebe00000,0x00000000efb80000)
  from space 6656K, 99% used [0x00000000efb80000,0x00000000f01f8020,0x00000000f0200000)
  to   space 8192K, 0% used [0x00000000f4100000,0x00000000f4100000,0x00000000f4900000)
 ParOldGen       total 42496K, used 8060K [0x00000000c3a00000, 0x00000000c6380000, 0x00000000ebe00000)
  object space 42496K, 18% used [0x00000000c3a00000,0x00000000c41df398,0x00000000c6380000)
 Metaspace       used 16485K, capacity 16818K, committed 17152K, reserved 1064960K
  class space    used 1922K, capacity 2044K, committed 2048K, reserved 1048576K
}
Event: 3,949 GC heap before
{Heap before GC invocations=8 (full 0):
 PSYoungGen      total 69632K, used 69600K [0x00000000ebe00000, 0x00000000f4900000, 0x0000000100000000)
  eden space 62976K, 100% used [0x00000000ebe00000,0x00000000efb80000,0x00000000efb80000)
  from space 6656K, 99% used [0x00000000efb80000,0x00000000f01f8020,0x00000000f0200000)
  to   space 8192K, 0% used [0x00000000f4100000,0x00000000f4100000,0x00000000f4900000)
 ParOldGen       total 42496K, used 8060K [0x00000000c3a00000, 0x00000000c6380000, 0x00000000ebe00000)
  object space 42496K, 18% used [0x00000000c3a00000,0x00000000c41df398,0x00000000c6380000)
 Metaspace       used 18461K, capacity 18812K, committed 18944K, reserved 1067008K
  class space    used 2175K, capacity 2285K, committed 2304K, reserved 1048576K
Event: 3,968 GC heap after
Heap after GC invocations=8 (full 0):
 PSYoungGen      total 131584K, used 8176K [0x00000000ebe00000, 0x00000000f4e00000, 0x0000000100000000)
  eden space 123392K, 0% used [0x00000000ebe00000,0x00000000ebe00000,0x00000000f3680000)
  from space 8192K, 99% used [0x00000000f4100000,0x00000000f48fc010,0x00000000f4900000)
  to   space 10752K, 0% used [0x00000000f3680000,0x00000000f3680000,0x00000000f4100000)
 ParOldGen       total 42496K, used 11429K [0x00000000c3a00000, 0x00000000c6380000, 0x00000000ebe00000)
  object space 42496K, 26% used [0x00000000c3a00000,0x00000000c4529678,0x00000000c6380000)
 Metaspace       used 18461K, capacity 18812K, committed 18944K, reserved 1067008K
  class space    used 2175K, capacity 2285K, committed 2304K, reserved 1048576K
}
Event: 6,033 GC heap before
{Heap before GC invocations=9 (full 0):
 PSYoungGen      total 131584K, used 96843K [0x00000000ebe00000, 0x00000000f4e00000, 0x0000000100000000)
  eden space 123392K, 71% used [0x00000000ebe00000,0x00000000f1496f60,0x00000000f3680000)
  from space 8192K, 99% used [0x00000000f4100000,0x00000000f48fc010,0x00000000f4900000)
  to   space 10752K, 0% used [0x00000000f3680000,0x00000000f3680000,0x00000000f4100000)
 ParOldGen       total 42496K, used 11429K [0x00000000c3a00000, 0x00000000c6380000, 0x00000000ebe00000)
  object space 42496K, 26% used [0x00000000c3a00000,0x00000000c4529678,0x00000000c6380000)
 Metaspace       used 20688K, capacity 21140K, committed 21296K, reserved 1069056K
  class space    used 2421K, capacity 2572K, committed 2608K, reserved 1048576K

