# JRE version: OpenJDK Runtime Environment (8.0_191-b12) (build 1.8.0_191-8u191-b12-2ubuntu0.18.04.1-b12)
# Java VM: OpenJDK 64-Bit Server VM (25.191-b12 mixed mode linux-amd64 compressed oops)
Heap:
 PSYoungGen      total 133120K, used 9722K [0x00000000ebe00000, 0x00000000f4c00000, 0x0000000100000000)
  eden space 123392K, 0% used [0x00000000ebe00000,0x00000000ebe00000,0x00000000f3680000)
  from space 9728K, 99% used [0x00000000f3680000,0x00000000f3ffe930,0x00000000f4000000)
  to   space 7168K, 0% used [0x00000000f4000000,0x00000000f4000000,0x00000000f4700000)
 ParOldGen       total 42496K, used 16194K [0x00000000c3a00000, 0x00000000c6380000, 0x00000000ebe00000)
  object space 42496K, 38% used [0x00000000c3a00000,0x00000000c49d0928,0x00000000c6380000)
 Metaspace       used 20533K, capacity 20986K, committed 21296K, reserved 1069056K
  class space    used 2402K, capacity 2565K, committed 2688K, reserved 1048576K
GC Heap History (10 events):
Event: 1,475 GC heap after
Heap after GC invocations=4 (full 0):
 PSYoungGen      total 34304K, used 2544K [0x00000000ebe00000, 0x00000000ee200000, 0x0000000100000000)
  eden space 31744K, 0% used [0x00000000ebe00000,0x00000000ebe00000,0x00000000edd00000)
  from space 2560K, 99% used [0x00000000edf80000,0x00000000ee1fc030,0x00000000ee200000)
  to   space 2560K, 0% used [0x00000000edd00000,0x00000000edd00000,0x00000000edf80000)
 ParOldGen       total 42496K, used 4594K [0x00000000c3a00000, 0x00000000c6380000, 0x00000000ebe00000)
  object space 42496K, 10% used [0x00000000c3a00000,0x00000000c3e7cb00,0x00000000c6380000)
 Metaspace       used 11177K, capacity 11394K, committed 11520K, reserved 1058816K
  class space    used 1377K, capacity 1475K, committed 1536K, reserved 1048576K
}
Event: 2,116 GC heap before
{Heap before GC invocations=5 (full 0):
 PSYoungGen      total 34304K, used 34288K [0x00000000ebe00000, 0x00000000ee200000, 0x0000000100000000)
  eden space 31744K, 100% used [0x00000000ebe00000,0x00000000edd00000,0x00000000edd00000)
  from space 2560K, 99% used [0x00000000edf80000,0x00000000ee1fc030,0x00000000ee200000)
  to   space 2560K, 0% used [0x00000000edd00000,0x00000000edd00000,0x00000000edf80000)
 ParOldGen       total 42496K, used 4594K [0x00000000c3a00000, 0x00000000c6380000, 0x00000000ebe00000)
  object space 42496K, 10% used [0x00000000c3a00000,0x00000000c3e7cb00,0x00000000c6380000)
 Metaspace       used 13747K, capacity 13882K, committed 14080K, reserved 1060864K
  class space    used 1697K, capacity 1767K, committed 1792K, reserved 1048576K
Event: 2,136 GC heap after
Heap after GC invocations=5 (full 0):
 PSYoungGen      total 34304K, used 2528K [0x00000000ebe00000, 0x00000000f0800000, 0x0000000100000000)
  eden space 31744K, 0% used [0x00000000ebe00000,0x00000000ebe00000,0x00000000edd00000)
  from space 2560K, 98% used [0x00000000edd00000,0x00000000edf78020,0x00000000edf80000)
  to   space 6144K, 0% used [0x00000000f0200000,0x00000000f0200000,0x00000000f0800000)
 ParOldGen       total 42496K, used 7155K [0x00000000c3a00000, 0x00000000c6380000, 0x00000000ebe00000)
  object space 42496K, 16% used [0x00000000c3a00000,0x00000000c40fcf68,0x00000000c6380000)
 Metaspace       used 13747K, capacity 13882K, committed 14080K, reserved 1060864K
  class space    used 1697K, capacity 1767K, committed 1792K, reserved 1048576K
}
Event: 3,272 GC heap before
{Heap before GC invocations=6 (full 0):
 PSYoungGen      total 34304K, used 34272K [0x00000000ebe00000, 0x00000000f0800000, 0x0000000100000000)
  eden space 31744K, 100% used [0x00000000ebe00000,0x00000000edd00000,0x00000000edd00000)
  from space 2560K, 98% used [0x00000000edd00000,0x00000000edf78020,0x00000000edf80000)
  to   space 6144K, 0% used [0x00000000f0200000,0x00000000f0200000,0x00000000f0800000)
 ParOldGen       total 42496K, used 7155K [0x00000000c3a00000, 0x00000000c6380000, 0x00000000ebe00000)
  object space 42496K, 16% used [0x00000000c3a00000,0x00000000c40fcf68,0x00000000c6380000)
 Metaspace       used 15976K, capacity 16196K, committed 16384K, reserved 1062912K
  class space    used 1923K, capacity 2037K, committed 2048K, reserved 1048576K
Event: 3,293 GC heap after
Heap after GC invocations=6 (full 0):
 PSYoungGen      total 69120K, used 5628K [0x00000000ebe00000, 0x00000000f0900000, 0x0000000100000000)
  eden space 62976K, 0% used [0x00000000ebe00000,0x00000000ebe00000,0x00000000efb80000)
  from space 6144K, 91% used [0x00000000f0200000,0x00000000f077f278,0x00000000f0800000)
  to   space 6656K, 0% used [0x00000000efb80000,0x00000000efb80000,0x00000000f0200000)
 ParOldGen       total 42496K, used 7163K [0x00000000c3a00000, 0x00000000c6380000, 0x00000000ebe00000)
  object space 42496K, 16% used [0x00000000c3a00000,0x00000000c40fef68,0x00000000c6380000)
 Metaspace       used 15976K, capacity 16196K, committed 16384K, reserved 1062912K
  class space    used 1923K, capacity 2037K, committed 2048K, reserved 1048576K
}
Event: 4,868 GC heap before
{Heap before GC invocations=7 (full 0):
 PSYoungGen      total 69120K, used 68604K [0x00000000ebe00000, 0x00000000f0900000, 0x0000000100000000)
  eden space 62976K, 100% used [0x00000000ebe00000,0x00000000efb80000,0x00000000efb80000)
  from space 6144K, 91% used [0x00000000f0200000,0x00000000f077f278,0x00000000f0800000)
  to   space 6656K, 0% used [0x00000000efb80000,0x00000000efb80000,0x00000000f0200000)
 ParOldGen       total 42496K, used 7163K [0x00000000c3a00000, 0x00000000c6380000, 0x00000000ebe00000)
  object space 42496K, 16% used [0x00000000c3a00000,0x00000000c40fef68,0x00000000c6380000)
 Metaspace       used 16440K, capacity 16736K, committed 16896K, reserved 1064960K
  class space    used 1928K, capacity 2041K, committed 2048K, reserved 1048576K
Event: 4,897 GC heap after
Heap after GC invocations=7 (full 0):
 PSYoungGen      total 69632K, used 6464K [0x00000000ebe00000, 0x00000000f4700000, 0x0000000100000000)
  eden space 62976K, 0% used [0x00000000ebe00000,0x00000000ebe00000,0x00000000efb80000)
  from space 6656K, 97% used [0x00000000efb80000,0x00000000f01d0000,0x00000000f0200000)
  to   space 7168K, 0% used [0x00000000f4000000,0x00000000f4000000,0x00000000f4700000)
 ParOldGen       total 42496K, used 8275K [0x00000000c3a00000, 0x00000000c6380000, 0x00000000ebe00000)
  object space 42496K, 19% used [0x00000000c3a00000,0x00000000c4214ff8,0x00000000c6380000)
 Metaspace       used 16440K, capacity 16736K, committed 16896K, reserved 1064960K
  class space    used 1928K, capacity 2041K, committed 2048K, reserved 1048576K
}
Event: 7,399 GC heap before
{Heap before GC invocations=8 (full 0):
 PSYoungGen      total 69632K, used 69440K [0x00000000ebe00000, 0x00000000f4700000, 0x0000000100000000)
  eden space 62976K, 100% used [0x00000000ebe00000,0x00000000efb80000,0x00000000efb80000)
  from space 6656K, 97% used [0x00000000efb80000,0x00000000f01d0000,0x00000000f0200000)
  to   space 7168K, 0% used [0x00000000f4000000,0x00000000f4000000,0x00000000f4700000)
 ParOldGen       total 42496K, used 8275K [0x00000000c3a00000, 0x00000000c6380000, 0x00000000ebe00000)
  object space 42496K, 19% used [0x00000000c3a00000,0x00000000c4214ff8,0x00000000c6380000)
 Metaspace       used 18497K, capacity 18876K, committed 19200K, reserved 1067008K
  class space    used 2178K, capacity 2285K, committed 2304K, reserved 1048576K
Event: 7,437 GC heap after
Heap after GC invocations=8 (full 0):
 PSYoungGen      total 130560K, used 7168K [0x00000000ebe00000, 0x00000000f4c00000, 0x0000000100000000)
  eden space 123392K, 0% used [0x00000000ebe00000,0x00000000ebe00000,0x00000000f3680000)
  from space 7168K, 100% used [0x00000000f4000000,0x00000000f4700000,0x00000000f4700000)
  to   space 9728K, 0% used [0x00000000f3680000,0x00000000f3680000,0x00000000f4000000)
 ParOldGen       total 42496K, used 12178K [0x00000000c3a00000, 0x00000000c6380000, 0x00000000ebe00000)
  object space 42496K, 28% used [0x00000000c3a00000,0x00000000c45e4bd8,0x00000000c6380000)
 Metaspace       used 18497K, capacity 18876K, committed 19200K, reserved 1067008K
  class space    used 2178K, capacity 2285K, committed 2304K, reserved 1048576K
}
Event: 23,853 GC heap before
{Heap before GC invocations=9 (full 0):
 PSYoungGen      total 130560K, used 105336K [0x00000000ebe00000, 0x00000000f4c00000, 0x0000000100000000)
  eden space 123392K, 79% used [0x00000000ebe00000,0x00000000f1dde258,0x00000000f3680000)
  from space 7168K, 100% used [0x00000000f4000000,0x00000000f4700000,0x00000000f4700000)
  to   space 9728K, 0% used [0x00000000f3680000,0x00000000f3680000,0x00000000f4000000)
 ParOldGen       total 42496K, used 12178K [0x00000000c3a00000, 0x00000000c6380000, 0x00000000ebe00000)
  object space 42496K, 28% used [0x00000000c3a00000,0x00000000c45e4bd8,0x00000000c6380000)
 Metaspace       used 20533K, capacity 20986K, committed 21296K, reserved 1069056K
  class space    used 2402K, capacity 2565K, committed 2688K, reserved 1048576K

