# JRE version: OpenJDK Runtime Environment (8.0_191-b12) (build 1.8.0_191-8u191-b12-2ubuntu0.18.04.1-b12)
# Java VM: OpenJDK 64-Bit Server VM (25.191-b12 mixed mode linux-amd64 compressed oops)
Heap:
 PSYoungGen      total 211456K, used 11078K [0x00000000ebe00000, 0x00000000f9a00000, 0x0000000100000000)
  eden space 197632K, 0% used [0x00000000ebe00000,0x00000000ebe00000,0x00000000f7f00000)
  from space 13824K, 80% used [0x00000000f7f00000,0x00000000f89d1a40,0x00000000f8c80000)
  to   space 13312K, 0% used [0x00000000f8d00000,0x00000000f8d00000,0x00000000f9a00000)
 ParOldGen       total 40960K, used 16432K [0x00000000c3a00000, 0x00000000c6200000, 0x00000000ebe00000)
  object space 40960K, 40% used [0x00000000c3a00000,0x00000000c4a0c338,0x00000000c6200000)
 Metaspace       used 23791K, capacity 24564K, committed 24832K, reserved 1071104K
  class space    used 2794K, capacity 3037K, committed 3072K, reserved 1048576K
GC Heap History (10 events):
Event: 4,558 GC heap after
Heap after GC invocations=7 (full 0):
 PSYoungGen      total 69632K, used 6640K [0x00000000ebe00000, 0x00000000f4900000, 0x0000000100000000)
  eden space 62976K, 0% used [0x00000000ebe00000,0x00000000ebe00000,0x00000000efb80000)
  from space 6656K, 99% used [0x00000000efb80000,0x00000000f01fc030,0x00000000f0200000)
  to   space 8192K, 0% used [0x00000000f4100000,0x00000000f4100000,0x00000000f4900000)
 ParOldGen       total 42496K, used 8056K [0x00000000c3a00000, 0x00000000c6380000, 0x00000000ebe00000)
  object space 42496K, 18% used [0x00000000c3a00000,0x00000000c41de030,0x00000000c6380000)
 Metaspace       used 16427K, capacity 16672K, committed 16896K, reserved 1064960K
  class space    used 1928K, capacity 2041K, committed 2048K, reserved 1048576K
}
Event: 5,459 GC heap before
{Heap before GC invocations=8 (full 0):
 PSYoungGen      total 69632K, used 69616K [0x00000000ebe00000, 0x00000000f4900000, 0x0000000100000000)
  eden space 62976K, 100% used [0x00000000ebe00000,0x00000000efb80000,0x00000000efb80000)
  from space 6656K, 99% used [0x00000000efb80000,0x00000000f01fc030,0x00000000f0200000)
  to   space 8192K, 0% used [0x00000000f4100000,0x00000000f4100000,0x00000000f4900000)
 ParOldGen       total 42496K, used 8056K [0x00000000c3a00000, 0x00000000c6380000, 0x00000000ebe00000)
  object space 42496K, 18% used [0x00000000c3a00000,0x00000000c41de030,0x00000000c6380000)
 Metaspace       used 18465K, capacity 18812K, committed 18944K, reserved 1067008K
  class space    used 2179K, capacity 2285K, committed 2304K, reserved 1048576K
Event: 5,476 GC heap after
Heap after GC invocations=8 (full 0):
 PSYoungGen      total 131584K, used 8176K [0x00000000ebe00000, 0x00000000f4e00000, 0x0000000100000000)
  eden space 123392K, 0% used [0x00000000ebe00000,0x00000000ebe00000,0x00000000f3680000)
  from space 8192K, 99% used [0x00000000f4100000,0x00000000f48fc010,0x00000000f4900000)
  to   space 10752K, 0% used [0x00000000f3680000,0x00000000f3680000,0x00000000f4100000)
 ParOldGen       total 42496K, used 11529K [0x00000000c3a00000, 0x00000000c6380000, 0x00000000ebe00000)
  object space 42496K, 27% used [0x00000000c3a00000,0x00000000c4542440,0x00000000c6380000)
 Metaspace       used 18465K, capacity 18812K, committed 18944K, reserved 1067008K
  class space    used 2179K, capacity 2285K, committed 2304K, reserved 1048576K
}
Event: 6,755 GC heap before
{Heap before GC invocations=9 (full 0):
 PSYoungGen      total 131584K, used 131568K [0x00000000ebe00000, 0x00000000f4e00000, 0x0000000100000000)
  eden space 123392K, 100% used [0x00000000ebe00000,0x00000000f3680000,0x00000000f3680000)
  from space 8192K, 99% used [0x00000000f4100000,0x00000000f48fc010,0x00000000f4900000)
  to   space 10752K, 0% used [0x00000000f3680000,0x00000000f3680000,0x00000000f4100000)
 ParOldGen       total 42496K, used 11529K [0x00000000c3a00000, 0x00000000c6380000, 0x00000000ebe00000)
  object space 42496K, 27% used [0x00000000c3a00000,0x00000000c4542440,0x00000000c6380000)
 Metaspace       used 20547K, capacity 20968K, committed 21296K, reserved 1069056K
  class space    used 2400K, capacity 2563K, committed 2688K, reserved 1048576K
Event: 6,823 GC heap after
Heap after GC invocations=9 (full 0):
 PSYoungGen      total 134144K, used 10750K [0x00000000ebe00000, 0x00000000f9b00000, 0x0000000100000000)
  eden space 123392K, 0% used [0x00000000ebe00000,0x00000000ebe00000,0x00000000f3680000)
  from space 10752K, 99% used [0x00000000f3680000,0x00000000f40ffbf0,0x00000000f4100000)
  to   space 14336K, 0% used [0x00000000f8d00000,0x00000000f8d00000,0x00000000f9b00000)
 ParOldGen       total 42496K, used 16347K [0x00000000c3a00000, 0x00000000c6380000, 0x00000000ebe00000)
  object space 42496K, 38% used [0x00000000c3a00000,0x00000000c49f6fa0,0x00000000c6380000)
 Metaspace       used 20547K, capacity 20968K, committed 21296K, reserved 1069056K
  class space    used 2400K, capacity 2563K, committed 2688K, reserved 1048576K
}
Event: 6,883 GC heap before
{Heap before GC invocations=10 (full 0):
 PSYoungGen      total 134144K, used 15662K [0x00000000ebe00000, 0x00000000f9b00000, 0x0000000100000000)
  eden space 123392K, 3% used [0x00000000ebe00000,0x00000000ec2cbcc0,0x00000000f3680000)
  from space 10752K, 99% used [0x00000000f3680000,0x00000000f40ffbf0,0x00000000f4100000)
  to   space 14336K, 0% used [0x00000000f8d00000,0x00000000f8d00000,0x00000000f9b00000)
 ParOldGen       total 42496K, used 16347K [0x00000000c3a00000, 0x00000000c6380000, 0x00000000ebe00000)
  object space 42496K, 38% used [0x00000000c3a00000,0x00000000c49f6fa0,0x00000000c6380000)
 Metaspace       used 20561K, capacity 20968K, committed 21296K, reserved 1069056K
  class space    used 2401K, capacity 2563K, committed 2688K, reserved 1048576K
Event: 6,913 GC heap after
Heap after GC invocations=10 (full 0):
 PSYoungGen      total 210944K, used 6400K [0x00000000ebe00000, 0x00000000f9a00000, 0x0000000100000000)
  eden space 197632K, 0% used [0x00000000ebe00000,0x00000000ebe00000,0x00000000f7f00000)
  from space 13312K, 48% used [0x00000000f8d00000,0x00000000f9340000,0x00000000f9a00000)
  to   space 13824K, 0% used [0x00000000f7f00000,0x00000000f7f00000,0x00000000f8c80000)
 ParOldGen       total 42496K, used 20347K [0x00000000c3a00000, 0x00000000c6380000, 0x00000000ebe00000)
  object space 42496K, 47% used [0x00000000c3a00000,0x00000000c4ddefa0,0x00000000c6380000)
 Metaspace       used 20561K, capacity 20968K, committed 21296K, reserved 1069056K
  class space    used 2401K, capacity 2563K, committed 2688K, reserved 1048576K
}
Event: 6,913 GC heap before
{Heap before GC invocations=11 (full 1):
 PSYoungGen      total 210944K, used 6400K [0x00000000ebe00000, 0x00000000f9a00000, 0x0000000100000000)
  eden space 197632K, 0% used [0x00000000ebe00000,0x00000000ebe00000,0x00000000f7f00000)
  from space 13312K, 48% used [0x00000000f8d00000,0x00000000f9340000,0x00000000f9a00000)
  to   space 13824K, 0% used [0x00000000f7f00000,0x00000000f7f00000,0x00000000f8c80000)
 ParOldGen       total 42496K, used 20347K [0x00000000c3a00000, 0x00000000c6380000, 0x00000000ebe00000)
  object space 42496K, 47% used [0x00000000c3a00000,0x00000000c4ddefa0,0x00000000c6380000)
 Metaspace       used 20561K, capacity 20968K, committed 21296K, reserved 1069056K
  class space    used 2401K, capacity 2563K, committed 2688K, reserved 1048576K
Event: 7,059 GC heap after
Heap after GC invocations=11 (full 1):
 PSYoungGen      total 210944K, used 0K [0x00000000ebe00000, 0x00000000f9a00000, 0x0000000100000000)
  eden space 197632K, 0% used [0x00000000ebe00000,0x00000000ebe00000,0x00000000f7f00000)
  from space 13312K, 0% used [0x00000000f8d00000,0x00000000f8d00000,0x00000000f9a00000)
  to   space 13824K, 0% used [0x00000000f7f00000,0x00000000f7f00000,0x00000000f8c80000)
 ParOldGen       total 40960K, used 16424K [0x00000000c3a00000, 0x00000000c6200000, 0x00000000ebe00000)
  object space 40960K, 40% used [0x00000000c3a00000,0x00000000c4a0a338,0x00000000c6200000)
 Metaspace       used 20561K, capacity 20968K, committed 21296K, reserved 1069056K
  class space    used 2401K, capacity 2563K, committed 2688K, reserved 1048576K
}
Event: 8,946 GC heap before
{Heap before GC invocations=12 (full 1):
 PSYoungGen      total 210944K, used 197632K [0x00000000ebe00000, 0x00000000f9a00000, 0x0000000100000000)
  eden space 197632K, 100% used [0x00000000ebe00000,0x00000000f7f00000,0x00000000f7f00000)
  from space 13312K, 0% used [0x00000000f8d00000,0x00000000f8d00000,0x00000000f9a00000)
  to   space 13824K, 0% used [0x00000000f7f00000,0x00000000f7f00000,0x00000000f8c80000)
 ParOldGen       total 40960K, used 16424K [0x00000000c3a00000, 0x00000000c6200000, 0x00000000ebe00000)
  object space 40960K, 40% used [0x00000000c3a00000,0x00000000c4a0a338,0x00000000c6200000)
 Metaspace       used 23791K, capacity 24564K, committed 24832K, reserved 1071104K
  class space    used 2794K, capacity 3037K, committed 3072K, reserved 1048576K

